{"C:\\Users\\DEEPAK MAURYA\\Desktop\\Food Mania\\Lecture-4\\components\\Contact.jsx": {"path":"C:\\Users\\DEEPAK MAURYA\\Desktop\\Food Mania\\Lecture-4\\components\\Contact.jsx","statementMap":{"0":{"start":{"line":3,"column":16},"end":{"line":68,"column":1}},"1":{"start":{"line":4,"column":34},"end":{"line":8,"column":4}},"2":{"start":{"line":10,"column":23},"end":{"line":15,"column":3}},"3":{"start":{"line":11,"column":4},"end":{"line":14,"column":7}},"4":{"start":{"line":17,"column":23},"end":{"line":22,"column":3}},"5":{"start":{"line":18,"column":4},"end":{"line":18,"column":23}},"6":{"start":{"line":19,"column":4},"end":{"line":19,"column":45}},"7":{"start":{"line":21,"column":4},"end":{"line":21,"column":54}},"8":{"start":{"line":24,"column":2},"end":{"line":67,"column":4}}},"fnMap":{"0":{"name":"(anonymous_0)","decl":{"start":{"line":3,"column":16},"end":{"line":3,"column":17}},"loc":{"start":{"line":3,"column":22},"end":{"line":68,"column":1}},"line":3},"1":{"name":"(anonymous_1)","decl":{"start":{"line":10,"column":23},"end":{"line":10,"column":24}},"loc":{"start":{"line":10,"column":30},"end":{"line":15,"column":3}},"line":10},"2":{"name":"(anonymous_2)","decl":{"start":{"line":17,"column":23},"end":{"line":17,"column":24}},"loc":{"start":{"line":17,"column":30},"end":{"line":22,"column":3}},"line":17}},"branchMap":{},"s":{"0":1,"1":4,"2":4,"3":0,"4":4,"5":0,"6":0,"7":0,"8":4},"f":{"0":4,"1":0,"2":0},"b":{},"_coverageSchema":"1a1c01bbd47fc00a2c39e90264f33305004495a9","hash":"7e008e5121d7556ec58f28d9beeee4de468b5cfd"}
,"C:\\Users\\DEEPAK MAURYA\\Desktop\\Food Mania\\Lecture-4\\components\\Tests\\sum.js": {"path":"C:\\Users\\DEEPAK MAURYA\\Desktop\\Food Mania\\Lecture-4\\components\\Tests\\sum.js","statementMap":{"0":{"start":{"line":3,"column":19},"end":{"line":5,"column":1}},"1":{"start":{"line":4,"column":2},"end":{"line":4,"column":13}}},"fnMap":{"0":{"name":"(anonymous_0)","decl":{"start":{"line":3,"column":19},"end":{"line":3,"column":20}},"loc":{"start":{"line":3,"column":28},"end":{"line":5,"column":1}},"line":3}},"branchMap":{},"s":{"0":1,"1":1},"f":{"0":1},"b":{},"_coverageSchema":"1a1c01bbd47fc00a2c39e90264f33305004495a9","hash":"88551e51e44be2744fe8394e419ed319d2d66eb6"}
}
